
        ==========     _____ _    _ ____  _____  ______          _____  
        =====         / ____| |  | |  _ \|  __ \|  ____|   /\   |  __ \ 
          =====      | (___ | |  | | |_) | |__) | |__     /  \  | |  | |
            ====      \___ \| |  | |  _ <|  _  /|  __|   / /\ \ | |  | |
              ====    ____) | |__| | |_) | | \ \| |____ / ____ \| |__| |
        ==========   |_____/ \____/|____/|_|  \_\______/_/    \_\_____/
	  v2.0.3

//========================== featureCounts setting ===========================\\
||                                                                            ||
||             Input files : 56 BAM files                                     ||
||                                                                            ||
||                           17_M16_CON_P_R1.bam                              ||
||                           18_12dM16_CON_F_R1.bam                           ||
||                           19_12dM16_10Gy_R1.bam                            ||
||                           20_12dM16_20Gy_R1.bam                            ||
||                           21_M24_CON_P_R1.bam                              ||
||                           22_12dM24_CON_F_R1.bam                           ||
||                           23_12dM24_10Gy_R1.bam                            ||
||                           24_12dM24_20Gy_R1.bam                            ||
||                           25_M29_CON_P_R1.bam                              ||
||                           26_12dM29_CON_F_R1.bam                           ||
||                           27_12dM29_10Gy_R1.bam                            ||
||                           28_12dM29_20Gy_R1.bam                            ||
||                           29_M32_CON_P_R1.bam                              ||
||                           30_12dM32_CON_F_R1.bam                           ||
||                           31_12dM32_10Gy_R1.bam                            ||
||                           32_12dM32_20Gy_R1.bam                            ||
||                           33_WM11_CON_P_R1.bam                             ||
||                           34_12dWM11_CON_F_R1.bam                          ||
||                           35_12dWM11_10Gy_R1.bam                           ||
||                           36_12dWM11_20Gy_R1.bam                           ||
||                           37_WM14_CON_P_R1.bam                             ||
||                           38_12dWM14_CON_F_R1.bam                          ||
||                           39_12dWM14_10Gy_R1.bam                           ||
||                           40_12dWM14_20Gy_R1.bam                           ||
||                           41_WM15_CON_P_R1.bam                             ||
||                           42_12dWM15_CON_F_R1.bam                          ||
||                           43_12dWM15_10Gy_R1.bam                           ||
||                           44_12dWM15_20Gy_R1.bam                           ||
||                           45_WM19_CON_P_R1.bam                             ||
||                           46_12dWM19_CON_F_R1.bam                          ||
||                           46_24h_M16_Con_R1.bam                            ||
||                           47_12dWM19_10Gy_R1.bam                           ||
||                           47_24h_M16_10Gy_R1.bam                           ||
||                           48_12dWM19_20Gy_R1.bam                           ||
||                           48_24h_M16_20Gy_R1.bam                           ||
||                           49_24h_M24_Con_R1.bam                            ||
||                           50_24h_M24_10Gy_R1.bam                           ||
||                           51_24h_M24_20Gy_R1.bam                           ||
||                           52_24h_M29_Con_R1.bam                            ||
||                           53_24h_M29_10Gy_R1.bam                           ||
||                           54_24h_M29_20Gy_R1.bam                           ||
||                           55_24h_M32_Con_R1.bam                            ||
||                           56_24h_M32_10Gy_R1.bam                           ||
||                           57_24h_M32_20Gy_R1.bam                           ||
||                           58_24h_WM11_Con_R1.bam                           ||
||                           59_24h_WM11_10Gy_R1.bam                          ||
||                           60_24h_WM11_20Gy_R1.bam                          ||
||                           61_24h_WM14_Con_R1.bam                           ||
||                           62_24h_WM14_10Gy_R1.bam                          ||
||                           63_24h_WM14_20Gy_R1.bam                          ||
||                           64_24h_WM15_Con_R1.bam                           ||
||                           65_24h_WM15_10Gy_R1.bam                          ||
||                           66_24h_WM15_20Gy_R1.bam                          ||
||                           67_24h_WM19_Con_R1.bam                           ||
||                           68_24h_WM19_10Gy_R1.bam                          ||
||                           69_24h_WM19_20Gy_R1.bam                          ||
||                                                                            ||
||             Output file : counts_mus                                       ||
||                 Summary : counts_mus.summary                               ||
||              Paired-end : no                                               ||
||        Count read pairs : no                                               ||
||              Annotation : Mus_musculus.GRCm39.108.gtf (GTF)                ||
||      Dir for temp files : .                                                ||
||                                                                            ||
||                 Threads : 5                                                ||
||                   Level : meta-feature level                               ||
||      Multimapping reads : not counted                                      ||
|| Multi-overlapping reads : not counted                                      ||
||   Min overlapping bases : 1                                                ||
||                                                                            ||
\\============================================================================//

//================================= Running ==================================\\
||                                                                            ||
|| Load annotation file Mus_musculus.GRCm39.108.gtf ...                       ||
||    Features : 868961                                                       ||
||    Meta-features : 56980                                                   ||
||    Chromosomes/contigs : 39                                                ||
||                                                                            ||
|| Process BAM file 17_M16_CON_P_R1.bam...                                    ||
||    Single-end reads are included.                                          ||
||    Total alignments : 39511198                                             ||
||    Successfully assigned alignments : 32817440 (83.1%)                     ||
||    Running time : 0.15 minutes                                             ||
||                                                                            ||
|| Process BAM file 18_12dM16_CON_F_R1.bam...                                 ||
||    Single-end reads are included.                                          ||
||    Total alignments : 34921644                                             ||
||    Successfully assigned alignments : 29660222 (84.9%)                     ||
||    Running time : 0.14 minutes                                             ||
||                                                                            ||
|| Process BAM file 19_12dM16_10Gy_R1.bam...                                  ||
||    Single-end reads are included.                                          ||
||    Total alignments : 31864120                                             ||
||    Successfully assigned alignments : 26653561 (83.6%)                     ||
||    Running time : 0.12 minutes                                             ||
||                                                                            ||
|| Process BAM file 20_12dM16_20Gy_R1.bam...                                  ||
||    Single-end reads are included.                                          ||
||    Total alignments : 38927847                                             ||
||    Successfully assigned alignments : 32465385 (83.4%)                     ||
||    Running time : 0.15 minutes                                             ||
||                                                                            ||
|| Process BAM file 21_M24_CON_P_R1.bam...                                    ||
||    Single-end reads are included.                                          ||
||    Total alignments : 41515041                                             ||
||    Successfully assigned alignments : 34847960 (83.9%)                     ||
||    Running time : 0.16 minutes                                             ||
||                                                                            ||
|| Process BAM file 22_12dM24_CON_F_R1.bam...                                 ||
||    Single-end reads are included.                                          ||
||    Total alignments : 33091263                                             ||
||    Successfully assigned alignments : 28274893 (85.4%)                     ||
||    Running time : 0.13 minutes                                             ||
||                                                                            ||
|| Process BAM file 23_12dM24_10Gy_R1.bam...                                  ||
||    Single-end reads are included.                                          ||
||    Total alignments : 35892887                                             ||
||    Successfully assigned alignments : 30245320 (84.3%)                     ||
||    Running time : 0.14 minutes                                             ||
||                                                                            ||
|| Process BAM file 24_12dM24_20Gy_R1.bam...                                  ||
||    Single-end reads are included.                                          ||
||    Total alignments : 41769683                                             ||
||    Successfully assigned alignments : 35314321 (84.5%)                     ||
||    Running time : 0.16 minutes                                             ||
||                                                                            ||
|| Process BAM file 25_M29_CON_P_R1.bam...                                    ||
||    Single-end reads are included.                                          ||
||    Total alignments : 32318881                                             ||
||    Successfully assigned alignments : 27069615 (83.8%)                     ||
||    Running time : 0.13 minutes                                             ||
||                                                                            ||
|| Process BAM file 26_12dM29_CON_F_R1.bam...                                 ||
||    Single-end reads are included.                                          ||
||    Total alignments : 37740437                                             ||
||    Successfully assigned alignments : 32351086 (85.7%)                     ||
||    Running time : 0.15 minutes                                             ||
||                                                                            ||
|| Process BAM file 27_12dM29_10Gy_R1.bam...                                  ||
||    Single-end reads are included.                                          ||
||    Total alignments : 35366761                                             ||
||    Successfully assigned alignments : 29762059 (84.2%)                     ||
||    Running time : 0.14 minutes                                             ||
||                                                                            ||
|| Process BAM file 28_12dM29_20Gy_R1.bam...                                  ||
||    Single-end reads are included.                                          ||
||    Total alignments : 40264429                                             ||
||    Successfully assigned alignments : 34111086 (84.7%)                     ||
||    Running time : 0.16 minutes                                             ||
||                                                                            ||
|| Process BAM file 29_M32_CON_P_R1.bam...                                    ||
||    Single-end reads are included.                                          ||
||    Total alignments : 35304127                                             ||
||    Successfully assigned alignments : 29677603 (84.1%)                     ||
||    Running time : 0.14 minutes                                             ||
||                                                                            ||
|| Process BAM file 30_12dM32_CON_F_R1.bam...                                 ||
||    Single-end reads are included.                                          ||
||    Total alignments : 37033305                                             ||
||    Successfully assigned alignments : 31479387 (85.0%)                     ||
||    Running time : 0.14 minutes                                             ||
||                                                                            ||
|| Process BAM file 31_12dM32_10Gy_R1.bam...                                  ||
||    Single-end reads are included.                                          ||
||    Total alignments : 37741475                                             ||
||    Successfully assigned alignments : 31806008 (84.3%)                     ||
||    Running time : 0.15 minutes                                             ||
||                                                                            ||
|| Process BAM file 32_12dM32_20Gy_R1.bam...                                  ||
||    Single-end reads are included.                                          ||
||    Total alignments : 44190875                                             ||
||    Successfully assigned alignments : 36885813 (83.5%)                     ||
||    Running time : 0.17 minutes                                             ||
||                                                                            ||
|| Process BAM file 33_WM11_CON_P_R1.bam...                                   ||
||    Single-end reads are included.                                          ||
||    Total alignments : 27804175                                             ||
||    Successfully assigned alignments : 23403933 (84.2%)                     ||
||    Running time : 0.11 minutes                                             ||
||                                                                            ||
|| Process BAM file 34_12dWM11_CON_F_R1.bam...                                ||
||    Single-end reads are included.                                          ||
||    Total alignments : 27269448                                             ||
||    Successfully assigned alignments : 23142197 (84.9%)                     ||
||    Running time : 0.11 minutes                                             ||
||                                                                            ||
|| Process BAM file 35_12dWM11_10Gy_R1.bam...                                 ||
||    Single-end reads are included.                                          ||
||    Total alignments : 34358614                                             ||
||    Successfully assigned alignments : 29127049 (84.8%)                     ||
||    Running time : 0.13 minutes                                             ||
||                                                                            ||
|| Process BAM file 36_12dWM11_20Gy_R1.bam...                                 ||
||    Single-end reads are included.                                          ||
||    Total alignments : 31168852                                             ||
||    Successfully assigned alignments : 26212722 (84.1%)                     ||
||    Running time : 0.12 minutes                                             ||
||                                                                            ||
|| Process BAM file 37_WM14_CON_P_R1.bam...                                   ||
||    Single-end reads are included.                                          ||
||    Total alignments : 32320001                                             ||
||    Successfully assigned alignments : 27023265 (83.6%)                     ||
||    Running time : 0.12 minutes                                             ||
||                                                                            ||
|| Process BAM file 38_12dWM14_CON_F_R1.bam...                                ||
||    Single-end reads are included.                                          ||
||    Total alignments : 32981807                                             ||
||    Successfully assigned alignments : 28500625 (86.4%)                     ||
||    Running time : 0.13 minutes                                             ||
||                                                                            ||
|| Process BAM file 39_12dWM14_10Gy_R1.bam...                                 ||
||    Single-end reads are included.                                          ||
||    Total alignments : 36541252                                             ||
||    Successfully assigned alignments : 29852163 (81.7%)                     ||
||    Running time : 0.14 minutes                                             ||
||                                                                            ||
|| Process BAM file 40_12dWM14_20Gy_R1.bam...                                 ||
||    Single-end reads are included.                                          ||
||    Total alignments : 35841838                                             ||
||    Successfully assigned alignments : 29756724 (83.0%)                     ||
||    Running time : 0.14 minutes                                             ||
||                                                                            ||
|| Process BAM file 41_WM15_CON_P_R1.bam...                                   ||
||    Single-end reads are included.                                          ||
||    Total alignments : 36879445                                             ||
||    Successfully assigned alignments : 31021238 (84.1%)                     ||
||    Running time : 0.14 minutes                                             ||
||                                                                            ||
|| Process BAM file 42_12dWM15_CON_F_R1.bam...                                ||
||    Single-end reads are included.                                          ||
||    Total alignments : 36058586                                             ||
||    Successfully assigned alignments : 30192000 (83.7%)                     ||
||    Running time : 0.14 minutes                                             ||
||                                                                            ||
|| Process BAM file 43_12dWM15_10Gy_R1.bam...                                 ||
||    Single-end reads are included.                                          ||
||    Total alignments : 31930755                                             ||
||    Successfully assigned alignments : 26683710 (83.6%)                     ||
||    Running time : 0.12 minutes                                             ||
||                                                                            ||
|| Process BAM file 44_12dWM15_20Gy_R1.bam...                                 ||
||    Single-end reads are included.                                          ||
||    Total alignments : 34359100                                             ||
||    Successfully assigned alignments : 28872393 (84.0%)                     ||
||    Running time : 0.13 minutes                                             ||
||                                                                            ||
|| Process BAM file 45_WM19_CON_P_R1.bam...                                   ||
||    Single-end reads are included.                                          ||
||    Total alignments : 40005225                                             ||
||    Successfully assigned alignments : 33668668 (84.2%)                     ||
||    Running time : 0.15 minutes                                             ||
||                                                                            ||
|| Process BAM file 46_12dWM19_CON_F_R1.bam...                                ||
||    Single-end reads are included.                                          ||
||    Total alignments : 35536868                                             ||
||    Successfully assigned alignments : 30115859 (84.7%)                     ||
||    Running time : 0.14 minutes                                             ||
||                                                                            ||
|| Process BAM file 46_24h_M16_Con_R1.bam...                                  ||
||    Single-end reads are included.                                          ||
||    Total alignments : 34842072                                             ||
||    Successfully assigned alignments : 28780555 (82.6%)                     ||
||    Running time : 0.14 minutes                                             ||
||                                                                            ||
|| Process BAM file 47_12dWM19_10Gy_R1.bam...                                 ||
||    Single-end reads are included.                                          ||
||    Total alignments : 37263319                                             ||
||    Successfully assigned alignments : 31200719 (83.7%)                     ||
||    Running time : 0.14 minutes                                             ||
||                                                                            ||
|| Process BAM file 47_24h_M16_10Gy_R1.bam...                                 ||
||    Single-end reads are included.                                          ||
||    Total alignments : 46854395                                             ||
||    Successfully assigned alignments : 38670926 (82.5%)                     ||
||    Running time : 0.18 minutes                                             ||
||                                                                            ||
|| Process BAM file 48_12dWM19_20Gy_R1.bam...                                 ||
||    Single-end reads are included.                                          ||
||    Total alignments : 40161077                                             ||
||    Successfully assigned alignments : 33533505 (83.5%)                     ||
||    Running time : 0.15 minutes                                             ||
||                                                                            ||
|| Process BAM file 48_24h_M16_20Gy_R1.bam...                                 ||
||    Single-end reads are included.                                          ||
||    Total alignments : 34330048                                             ||
||    Successfully assigned alignments : 28401683 (82.7%)                     ||
||    Running time : 0.14 minutes                                             ||
||                                                                            ||
|| Process BAM file 49_24h_M24_Con_R1.bam...                                  ||
||    Single-end reads are included.                                          ||
||    Total alignments : 38963333                                             ||
||    Successfully assigned alignments : 32563039 (83.6%)                     ||
||    Running time : 0.15 minutes                                             ||
||                                                                            ||
|| Process BAM file 50_24h_M24_10Gy_R1.bam...                                 ||
||    Single-end reads are included.                                          ||
||    Total alignments : 35621975                                             ||
||    Successfully assigned alignments : 29521697 (82.9%)                     ||
||    Running time : 0.14 minutes                                             ||
||                                                                            ||
|| Process BAM file 51_24h_M24_20Gy_R1.bam...                                 ||
||    Single-end reads are included.                                          ||
||    Total alignments : 41975992                                             ||
||    Successfully assigned alignments : 34863388 (83.1%)                     ||
||    Running time : 0.17 minutes                                             ||
||                                                                            ||
|| Process BAM file 52_24h_M29_Con_R1.bam...                                  ||
||    Single-end reads are included.                                          ||
||    Total alignments : 33227170                                             ||
||    Successfully assigned alignments : 27858702 (83.8%)                     ||
||    Running time : 0.14 minutes                                             ||
||                                                                            ||
|| Process BAM file 53_24h_M29_10Gy_R1.bam...                                 ||
||    Single-end reads are included.                                          ||
||    Total alignments : 35730794                                             ||
||    Successfully assigned alignments : 29670510 (83.0%)                     ||
||    Running time : 0.14 minutes                                             ||
||                                                                            ||
|| Process BAM file 54_24h_M29_20Gy_R1.bam...                                 ||
||    Single-end reads are included.                                          ||
||    Total alignments : 42066480                                             ||
||    Successfully assigned alignments : 35004675 (83.2%)                     ||
||    Running time : 0.17 minutes                                             ||
||                                                                            ||
|| Process BAM file 55_24h_M32_Con_R1.bam...                                  ||
||    Single-end reads are included.                                          ||
||    Total alignments : 39215307                                             ||
||    Successfully assigned alignments : 32752302 (83.5%)                     ||
||    Running time : 0.16 minutes                                             ||
||                                                                            ||
|| Process BAM file 56_24h_M32_10Gy_R1.bam...                                 ||
||    Single-end reads are included.                                          ||
||    Total alignments : 34554031                                             ||
||    Successfully assigned alignments : 28795415 (83.3%)                     ||
||    Running time : 0.14 minutes                                             ||
||                                                                            ||
|| Process BAM file 57_24h_M32_20Gy_R1.bam...                                 ||
||    Single-end reads are included.                                          ||
||    Total alignments : 47862351                                             ||
||    Successfully assigned alignments : 39819857 (83.2%)                     ||
||    Running time : 0.19 minutes                                             ||
||                                                                            ||
|| Process BAM file 58_24h_WM11_Con_R1.bam...                                 ||
||    Single-end reads are included.                                          ||
||    Total alignments : 38945479                                             ||
||    Successfully assigned alignments : 32607045 (83.7%)                     ||
||    Running time : 0.16 minutes                                             ||
||                                                                            ||
|| Process BAM file 59_24h_WM11_10Gy_R1.bam...                                ||
||    Single-end reads are included.                                          ||
||    Total alignments : 23206297                                             ||
||    Successfully assigned alignments : 17419339 (75.1%)                     ||
||    Running time : 0.09 minutes                                             ||
||                                                                            ||
|| Process BAM file 60_24h_WM11_20Gy_R1.bam...                                ||
||    Single-end reads are included.                                          ||
||    Total alignments : 42940151                                             ||
||    Successfully assigned alignments : 35984517 (83.8%)                     ||
||    Running time : 0.17 minutes                                             ||
||                                                                            ||
|| Process BAM file 61_24h_WM14_Con_R1.bam...                                 ||
||    Single-end reads are included.                                          ||
||    Total alignments : 39003147                                             ||
||    Successfully assigned alignments : 32644403 (83.7%)                     ||
||    Running time : 0.16 minutes                                             ||
||                                                                            ||
|| Process BAM file 62_24h_WM14_10Gy_R1.bam...                                ||
||    Single-end reads are included.                                          ||
||    Total alignments : 39702592                                             ||
||    Successfully assigned alignments : 32521935 (81.9%)                     ||
||    Running time : 0.16 minutes                                             ||
||                                                                            ||
|| Process BAM file 63_24h_WM14_20Gy_R1.bam...                                ||
||    Single-end reads are included.                                          ||
||    Total alignments : 41559129                                             ||
||    Successfully assigned alignments : 34168761 (82.2%)                     ||
||    Running time : 0.17 minutes                                             ||
||                                                                            ||
|| Process BAM file 64_24h_WM15_Con_R1.bam...                                 ||
||    Single-end reads are included.                                          ||
||    Total alignments : 38270447                                             ||
||    Successfully assigned alignments : 31870821 (83.3%)                     ||
||    Running time : 0.16 minutes                                             ||
||                                                                            ||
|| Process BAM file 65_24h_WM15_10Gy_R1.bam...                                ||
||    Single-end reads are included.                                          ||
||    Total alignments : 36782051                                             ||
||    Successfully assigned alignments : 30226245 (82.2%)                     ||
||    Running time : 0.15 minutes                                             ||
||                                                                            ||
|| Process BAM file 66_24h_WM15_20Gy_R1.bam...                                ||
||    Single-end reads are included.                                          ||
||    Total alignments : 34127204                                             ||
||    Successfully assigned alignments : 28013475 (82.1%)                     ||
||    Running time : 0.14 minutes                                             ||
||                                                                            ||
|| Process BAM file 67_24h_WM19_Con_R1.bam...                                 ||
||    Single-end reads are included.                                          ||
||    Total alignments : 38731104                                             ||
||    Successfully assigned alignments : 32497497 (83.9%)                     ||
||    Running time : 0.16 minutes                                             ||
||                                                                            ||
|| Process BAM file 68_24h_WM19_10Gy_R1.bam...                                ||
||    Single-end reads are included.                                          ||
||    Total alignments : 35168117                                             ||
||    Successfully assigned alignments : 29053302 (82.6%)                     ||
||    Running time : 0.14 minutes                                             ||
||                                                                            ||
|| Process BAM file 69_24h_WM19_20Gy_R1.bam...                                ||
||    Single-end reads are included.                                          ||
||    Total alignments : 37503462                                             ||
||    Successfully assigned alignments : 31081633 (82.9%)                     ||
||    Running time : 0.15 minutes                                             ||
||                                                                            ||
|| Write the final count table.                                               ||
|| Write the read assignment summary.                                         ||
||                                                                            ||
|| Summary of counting results can be found in file "./counts_mus.summary"    ||
||                                                                            ||
\\============================================================================//

